<?xml version="1.0" encoding="UTF-8"?>
<testng-results ignored="0" total="2" passed="1" failed="1" skipped="0">
  <reporter-output>
  </reporter-output>
  <suite started-at="2024-01-21T19:44:37 IST" name="SanitySuite" finished-at="2024-01-21T19:45:16 IST" duration-ms="38854">
    <groups>
    </groups>
    <test started-at="2024-01-21T19:44:37 IST" name="Chrome" finished-at="2024-01-21T19:45:16 IST" duration-ms="38854">
      <class name="demoBanking.testCases.LoginTC_001">
        <test-method is-config="true" signature="start_Test(java.lang.String)[pri:0, instance:demoBanking.testCases.LoginTC_001@29e495ff]" started-at="2024-01-21T19:44:37 IST" name="start_Test" finished-at="2024-01-21T19:44:53 IST" duration-ms="15677" status="PASS">
          <params>
            <param index="0">
              <value>
                <![CDATA[Chrome]]>
              </value>
            </param>
          </params>
          <reporter-output>
          </reporter-output>
        </test-method> <!-- start_Test -->
        <test-method signature="Login_page()[pri:0, instance:demoBanking.testCases.LoginTC_001@29e495ff]" started-at="2024-01-21T19:44:53 IST" name="Login_page" finished-at="2024-01-21T19:44:55 IST" duration-ms="2285" status="FAIL">
          <exception class="java.lang.AssertionError">
            <message>
              <![CDATA[did not expect to find [true] but found [false]]]>
            </message>
            <full-stacktrace>
              <![CDATA[java.lang.AssertionError: did not expect to find [true] but found [false]
at org.testng.Assert.fail(Assert.java:97)
at org.testng.Assert.failNotEquals(Assert.java:969)
at org.testng.Assert.assertTrue(Assert.java:43)
at org.testng.Assert.assertTrue(Assert.java:53)
at demoBanking.testCases.LoginTC_001.Login_page(LoginTC_001.java:23)
at java.base/jdk.internal.reflect.NativeMethodAccessorImpl.invoke0(Native Method)
at java.base/jdk.internal.reflect.NativeMethodAccessorImpl.invoke(NativeMethodAccessorImpl.java:62)
at java.base/jdk.internal.reflect.DelegatingMethodAccessorImpl.invoke(DelegatingMethodAccessorImpl.java:43)
at java.base/java.lang.reflect.Method.invoke(Method.java:566)
at org.testng.internal.MethodInvocationHelper.invokeMethod(MethodInvocationHelper.java:133)
at org.testng.internal.TestInvoker.invokeMethod(TestInvoker.java:584)
at org.testng.internal.TestInvoker.invokeTestMethod(TestInvoker.java:172)
at org.testng.internal.MethodRunner.runInSequence(MethodRunner.java:46)
at org.testng.internal.TestInvoker$MethodInvocationAgent.invoke(TestInvoker.java:804)
at org.testng.internal.TestInvoker.invokeTestMethods(TestInvoker.java:145)
at org.testng.internal.TestMethodWorker.invokeTestMethods(TestMethodWorker.java:146)
at org.testng.internal.TestMethodWorker.run(TestMethodWorker.java:128)
at java.base/java.util.ArrayList.forEach(ArrayList.java:1541)
at org.testng.TestRunner.privateRun(TestRunner.java:770)
at org.testng.TestRunner.run(TestRunner.java:591)
at org.testng.SuiteRunner.runTest(SuiteRunner.java:402)
at org.testng.SuiteRunner.runSequentially(SuiteRunner.java:396)
at org.testng.SuiteRunner.privateRun(SuiteRunner.java:355)
at org.testng.SuiteRunner.run(SuiteRunner.java:304)
at org.testng.SuiteRunnerWorker.runSuite(SuiteRunnerWorker.java:53)
at org.testng.SuiteRunnerWorker.run(SuiteRunnerWorker.java:96)
at org.testng.TestNG.runSuitesSequentially(TestNG.java:1180)
at org.testng.TestNG.runSuitesLocally(TestNG.java:1102)
at org.testng.TestNG.runSuites(TestNG.java:1032)
at org.testng.TestNG.run(TestNG.java:1000)
at org.testng.remote.AbstractRemoteTestNG.run(AbstractRemoteTestNG.java:115)
at org.testng.remote.RemoteTestNG.initAndRun(RemoteTestNG.java:251)
at org.testng.remote.RemoteTestNG.main(RemoteTestNG.java:77)
]]>
            </full-stacktrace>
          </exception> <!-- java.lang.AssertionError -->
          <reporter-output>
          </reporter-output>
        </test-method> <!-- Login_page -->
        <test-method is-config="true" signature="tearDown(org.testng.ITestResult)[pri:0, instance:demoBanking.testCases.LoginTC_001@29e495ff]" started-at="2024-01-21T19:44:55 IST" name="tearDown" finished-at="2024-01-21T19:44:57 IST" duration-ms="2180" status="PASS">
          <params>
            <param index="0">
              <value>
                <![CDATA[[TestResult name=Login_page status=FAILURE method=LoginTC_001.Login_page()[pri:0, instance:demoBanking.testCases.LoginTC_001@29e495ff] output={null}]]]>
              </value>
            </param>
          </params>
          <reporter-output>
          </reporter-output>
        </test-method> <!-- tearDown -->
      </class> <!-- demoBanking.testCases.LoginTC_001 -->
      <class name="demoBanking.testCases.HomePageTC_002">
        <test-method is-config="true" signature="start_Test(java.lang.String)[pri:0, instance:demoBanking.testCases.HomePageTC_002@41e1e210]" started-at="2024-01-21T19:44:57 IST" name="start_Test" finished-at="2024-01-21T19:45:05 IST" duration-ms="7999" status="PASS">
          <params>
            <param index="0">
              <value>
                <![CDATA[Chrome]]>
              </value>
            </param>
          </params>
          <reporter-output>
          </reporter-output>
        </test-method> <!-- start_Test -->
        <test-method signature="Home_page()[pri:0, instance:demoBanking.testCases.HomePageTC_002@41e1e210]" started-at="2024-01-21T19:45:05 IST" name="Home_page" finished-at="2024-01-21T19:45:15 IST" duration-ms="9957" status="PASS">
          <reporter-output>
          </reporter-output>
        </test-method> <!-- Home_page -->
        <test-method is-config="true" signature="tearDown(org.testng.ITestResult)[pri:0, instance:demoBanking.testCases.HomePageTC_002@41e1e210]" started-at="2024-01-21T19:45:15 IST" name="tearDown" finished-at="2024-01-21T19:45:16 IST" duration-ms="255" status="PASS">
          <params>
            <param index="0">
              <value>
                <![CDATA[[TestResult name=Home_page status=SUCCESS method=HomePageTC_002.Home_page()[pri:0, instance:demoBanking.testCases.HomePageTC_002@41e1e210] output={null}]]]>
              </value>
            </param>
          </params>
          <reporter-output>
          </reporter-output>
        </test-method> <!-- tearDown -->
      </class> <!-- demoBanking.testCases.HomePageTC_002 -->
    </test> <!-- Chrome -->
  </suite> <!-- SanitySuite -->
</testng-results>
