<?xml version="1.0" encoding="UTF-8"?>
<!-- Generated by org.testng.reporters.JUnitXMLReporter -->
<testsuite ignored="3" hostname="DESKTOP-PPERJRJ" failures="1" tests="3" name="Chrome" time="68.144" errors="0" timestamp="2024-01-27T13:06:55 IST">
  <testcase classname="demoBanking.testCases.LoginTC_001" name="Login_page" time="3.999">
    <failure type="java.lang.AssertionError" message="did not expect to find [true] but found [false]">
      <![CDATA[java.lang.AssertionError: did not expect to find [true] but found [false]
at demoBanking.testCases.LoginTC_001.Login_page(LoginTC_001.java:26)
at java.base/java.util.ArrayList.forEach(ArrayList.java:1541)
... Removed 31 stack frames]]>
    </failure>
  </testcase> <!-- Login_page -->
  <testcase classname="demoBanking.testCases.LoginTC_001" name="dummy" time="0.002"/>
  <testcase classname="demoBanking.testCases.HomePageTC_002" name="Home_page" time="3.473"/>
  <testcase classname="demoBanking.testCases.BaseClass" name="@BeforeSuite initialize" time="0.0">
    <ignored/>
  </testcase> <!-- @BeforeSuite initialize -->
  <testcase classname="demoBanking.testCases.BaseClass" name="@AfterTest testComplete" time="0.0">
    <ignored/>
  </testcase> <!-- @AfterTest testComplete -->
  <testcase classname="demoBanking.testCases.BaseClass" name="@AfterSuite suiteComplete" time="0.0">
    <ignored/>
  </testcase> <!-- @AfterSuite suiteComplete -->
</testsuite> <!-- Chrome -->
